scanner.l:53: warning, rule cannot be matched
flex version 2.5.37 usage statistics:
  scanner options: -dpsvI8 -Cem -oyylex.cpp
  293/2000 NFA states
  105/1000 DFA states (562 words)
  48 rules
  Compressed tables always back-up
  1/40 start conditions
  169 epsilon states, 75 double epsilon states
  25/100 character classes needed 301/500 words of storage, 0 reused
  1768 state/nextstate pairs created
  258/1510 unique/duplicate transitions
  116/1000 base-def entries created
  216/2000 (peak 596) nxt-chk entries created
  33/2500 (peak 506) template nxt-chk entries created
  0 empty table entries
  11 protos created
  11 templates created, 65 uses
  46/256 equivalence classes created
  3/256 meta-equivalence classes created
  0 (4 saved) hash collisions, 156 DFAs equal
  0 sets of reallocations needed
  966 total table entries needed
